make all --print-data-base --no-builtin-variables --no-builtin-rules --question
# GNU Make 4.3
# Built for x86_64-pc-linux-gnu
# Copyright (C) 1988-2020 Free Software Foundation, Inc.
# License GPLv3+: GNU GPL version 3 or later <http://gnu.org/licenses/gpl.html>
# This is free software: you are free to change and redistribute it.
# There is NO WARRANTY, to the extent permitted by law.

# Make data base, printed on Fri May 13 18:11:07 2022

# Variables

# environment
GDK_BACKEND = x11
# makefile (from 'Makefile', line 8)
OUTPUT = build/graphicsEngine
# environment
LC_ALL = C
# environment
NO_AT_BRIDGE = 1
# environment
GNOME_SHELL_SESSION_MODE = ubuntu
# environment
SSH_AGENT_LAUNCHER = gnome-keyring
# environment
SNAP_INSTANCE_KEY = 
# environment
GJS_DEBUG_OUTPUT = stderr
# environment
VSCODE_IPC_HOOK_EXTHOST = /run/user/1000/vscode-ipc-d191f000-67a2-4e2e-95a0-3563f9a86793.sock
# makefile (from 'Makefile', line 7)
SRC_DIR = src/
# environment
LC_NAME = ko_KR.UTF-8
# environment
LC_NUMERIC = ko_KR.UTF-8
# environment
VSCODE_CWD = /home/juwonpee
# environment
WINDOWPATH = 2
# environment
LC_ADDRESS = ko_KR.UTF-8
# default
MAKE_COMMAND := make
# environment
QT_ACCESSIBILITY = 1
# automatic
@D = $(patsubst %/,%,$(dir $@))
# environment
SNAP_INSTANCE_NAME = code
# environment
GDK_PIXBUF_MODULEDIR = /snap/code/96/usr/lib/x86_64-linux-gnu/gdk-pixbuf-2.0/2.10.0/loaders
# environment
VSCODE_HANDLES_UNCAUGHT_ERRORS = true
# default
.VARIABLES := 
# environment
PWD = /home/juwonpee/Desktop/Projects/graphicsEngine
# automatic
%D = $(patsubst %/,%,$(dir $%))
# environment
XDG_DATA_DIRS = /usr/share/ubuntu:/usr/share/gnome:/usr/local/share/:/usr/share/:/var/lib/snapd/desktop
# automatic
^D = $(patsubst %/,%,$(dir $^))
# environment
VSCODE_LOG_STACK = false
# automatic
%F = $(notdir $%)
# environment
VSCODE_CODE_CACHE_PATH = /home/juwonpee/.config/Code/CachedData/da15b6fd3ef856477bf6f4fb29ba1b7af717770d
# environment
LANG = C
# environment
XAUTHORITY = /run/user/1000/gdm/Xauthority
# default
.LOADED := 
# default
.INCLUDE_DIRS = /usr/local/include /usr/include /usr/include
# makefile
MAKEFLAGS = pqrR
# makefile
CURDIR := /home/juwonpee/Desktop/Projects/graphicsEngine
# environment
VSCODE_PIPE_LOGGING = true
# environment
APPLICATION_INSIGHTS_NO_DIAGNOSTIC_CHANNEL = true
# environment
LESSOPEN = | /usr/bin/lesspipe %s
# automatic
*D = $(patsubst %/,%,$(dir $*))
# environment
MFLAGS = -pqrR
# environment
SSH_AUTH_SOCK = /run/user/1000/keyring/ssh
# default
.SHELLFLAGS := -c
# environment
XDG_CONFIG_DIRS = /etc/xdg/xdg-ubuntu:/etc/xdg
# automatic
+D = $(patsubst %/,%,$(dir $+))
# environment
XDG_SESSION_DESKTOP = ubuntu
# makefile (from 'Makefile', line 5)
LIBARIES = -lsfml-graphics -lsfml-window -lsfml-system -lpthread
# makefile (from 'Makefile', line 1)
MAKEFILE_LIST := Makefile
# environment
SNAP_REEXEC = 
# automatic
@F = $(notdir $@)
# environment
VSCODE_VERBOSE_LOGGING = true
# environment
VSCODE_PID = 2313
# environment
XDG_SESSION_TYPE = x11
# automatic
?D = $(patsubst %/,%,$(dir $?))
# environment
BAMF_DESKTOP_FILE_HINT = /var/lib/snapd/desktop/applications/code_code.desktop
# environment
SESSION_MANAGER = local/juwonpee-B450M-GAMING:@/tmp/.ICE-unix/1243,unix/juwonpee-B450M-GAMING:/tmp/.ICE-unix/1243
# automatic
*F = $(notdir $*)
# environment
CHROME_DESKTOP = code-url-handler.desktop
# environment
DBUS_SESSION_BUS_ADDRESS = unix:path=/run/user/1000/bus
# automatic
<D = $(patsubst %/,%,$(dir $<))
# environment
VSCODE_NLS_CONFIG = {"locale":"en-us","availableLanguages":{},"_languagePackSupport":true}
# default
MAKE_HOST := x86_64-pc-linux-gnu
# environment
GNOME_DESKTOP_SESSION_ID = this-is-deprecated
# makefile
SHELL = /bin/sh
# default
MAKECMDGOALS := all
# environment
PLATFORMIO_CALLER = vscode
# environment
XMODIFIERS = @im=ibus
# environment
GJS_DEBUG_TOPICS = JS ERROR;JS LOG
# environment
SHLVL = 0
# environment
MAKELEVEL := 0
# default
MAKE = $(MAKE_COMMAND)
# environment
SNAP_COOKIE = NdBUEu04vBLO0Db0TqZuOuh9KyNXiDd4zrKJuUgM1mhjiFddO7zD
# environment
PATH = /usr/local/sbin:/usr/local/bin:/usr/sbin:/usr/bin:/sbin:/bin:/usr/games:/usr/local/games:/snap/bin:/snap/bin
# makefile (from 'Makefile', line 2)
CC_INCLUDE = $(patsubst %, -I%, $(shell find src -type d))
# default
MAKEFILES := 
# environment
LC_MONETARY = ko_KR.UTF-8
# automatic
^F = $(notdir $^)
# environment
SNAP_USER_COMMON = /home/juwonpee/snap/code/common
# environment
LC_TIME = ko_KR.UTF-8
# environment
SNAP = /snap/code/96
# environment
INVOCATION_ID = 90f03b6e6b1b43a1b45985d3af1006f0
# environment
SNAP_REVISION = 96
# environment
SNAP_REAL_HOME = /home/juwonpee
# environment
VSCODE_LOG_NATIVE = false
# environment
USERNAME = juwonpee
# environment
LC_TELEPHONE = ko_KR.UTF-8
# environment
LESSCLOSE = /usr/bin/lesspipe %s %s
# automatic
?F = $(notdir $?)
# environment
NO_PROXY = 127.0.0.1
# environment
XDG_CURRENT_DESKTOP = Unity
# environment
LS_COLORS = 
# automatic
+F = $(notdir $+)
# environment
DESKTOP_SESSION = ubuntu
# environment
ORIGINAL_XDG_CURRENT_DESKTOP = ubuntu:GNOME
# makefile (from 'Makefile', line 10)
OBJECTS = $(SOURCE:.cpp=.o)
# 'override' directive
GNUMAKEFLAGS := 
# environment
LOGNAME = juwonpee
# environment
GIO_LAUNCHED_DESKTOP_FILE = /var/lib/snapd/desktop/applications/code_code.desktop
# environment
PLATFORMIO_PATH = /home/juwonpee/.platformio/penv/bin:/home/juwonpee/.platformio/penv:/home/juwonpee/.platformio/python3/bin:/usr/local/sbin:/usr/local/bin:/usr/sbin:/usr/bin:/sbin:/bin:/usr/games:/usr/local/games:/snap/bin:/snap/bin
# environment
SNAP_ARCH = amd64
# makefile
.DEFAULT_GOAL := all
# environment
SYSTEMD_EXEC_PID = 1287
# makefile (from 'Makefile', line 9)
SOURCE = $(wildcard $(SRC_DIR)*.cpp) $(wildcard $(SRC_DIR)*/*.cpp)
# environment
DISPLAY = :0
# environment
USER = juwonpee
# environment
GTK_MODULES = gail:atk-bridge
# default
MAKE_VERSION := 4.3
# environment
DISABLE_WAYLAND = 1
# environment
SNAP_DATA = /var/snap/code/96
# environment
SNAP_CONTEXT = NdBUEu04vBLO0Db0TqZuOuh9KyNXiDd4zrKJuUgM1mhjiFddO7zD
# environment
MANAGERPID = 973
# environment
LC_MEASUREMENT = ko_KR.UTF-8
# environment
GIO_LAUNCHED_DESKTOP_FILE_PID = 16358
# environment
_ = /snap/code/96/usr/share/code/code
# environment
LC_PAPER = ko_KR.UTF-8
# environment
XDG_RUNTIME_DIR = /run/user/1000
# environment
GPG_AGENT_INFO = /run/user/1000/gnupg/S.gpg-agent:0:1
# environment
GDK_PIXBUF_MODULE_FILE = /home/juwonpee/snap/code/common/.cache/gdk-pixbuf-loaders.cache
# environment
JOURNAL_STREAM = 8:38051
# environment
XDG_SESSION_CLASS = user
# environment
VSCODE_AMD_ENTRYPOINT = vs/workbench/api/node/extensionHostProcess
# environment
PLATFORMIO_IDE = 2.4.3
# environment
HOME = /home/juwonpee
# environment
QT_IM_MODULE = ibus
# environment
ELECTRON_RUN_AS_NODE = 1
# environment
VSCODE_IPC_HOOK = /run/user/1000/vscode-83187e53-1.67.1-main.sock
# environment
SNAP_NAME = code
# environment
GSETTINGS_SCHEMA_DIR = /snap/code/96/usr/share/glib-2.0/schemas
# default
.RECIPEPREFIX := 
# automatic
<F = $(notdir $<)
# environment
SNAP_VERSION = da15b6fd
# default
SUFFIXES := 
# environment
VSCODE_CLI = 1
# environment
ELECTRON_NO_ATTACH_CONSOLE = 1
# environment
SNAP_COMMON = /var/snap/code/common
# default
.FEATURES := target-specific order-only second-expansion else-if shortest-stem undefine oneshell nocomment grouped-target extra-prereqs archives jobserver output-sync check-symlink load
 
# makefile (from 'Makefile', line 1)
CC = g++
# environment
SNAP_USER_DATA = /home/juwonpee/snap/code/96
# environment
XDG_MENU_PREFIX = gnome-
# environment
GDMSESSION = ubuntu
# environment
LC_IDENTIFICATION = ko_KR.UTF-8
# makefile (from 'Makefile', line 3)
CC_FLAGS = -ggdb -pipe -O2
# environment
SNAP_LIBRARY_PATH = /var/lib/snapd/lib/gl:/var/lib/snapd/lib/gl32:/var/lib/snapd/void
# variable set hash-table stats:
# Load=142/1024=14%, Rehash=0, Collisions=6/185=3%

# Pattern-specific Variable Values

# No pattern-specific variable values.

# Directories

# src (device 66307, inode 8651869): 6 files, no impossibilities.
# . (device 66307, inode 8523090): 10 files, no impossibilities.

# 16 files, no impossibilities in 2 directories.

# Implicit Rules

%.o: %.cpp
#  recipe to execute (from 'Makefile', line 17):
	$(CC) $(CC_INCLUDE) -c $< -o $@ $(CC_FLAGS)

# 1 implicit rules, 0 (0.0%) terminal.
# Files

# Not a target:
Makefile:
#  Implicit rule search has been done.
#  Last modified 2022-05-13 18:11:05.43199855
#  File has been updated.
#  Successfully updated.

# Not a target:
src/graphicsEngine.cpp:
#  Implicit rule search has been done.
#  Last modified 2022-05-13 18:01:21.20589879
#  File has been updated.
#  Successfully updated.

clear:
#  Implicit rule search has not been done.
#  Modification time never checked.
#  File has not been updated.
#  recipe to execute (from 'Makefile', line 20):
	find . -name "*.o" | xargs -r rm 

# Not a target:
src/main.o:
#  Implicit rule search has not been done.
#  Modification time never checked.
#  File has not been updated.

# Not a target:
.DEFAULT:
#  Implicit rule search has not been done.
#  Modification time never checked.
#  File has not been updated.

all: src/graphicsEngine.o src/main.o
#  Command line target.
#  Implicit rule search has not been done.
#  File does not exist.
#  File has been updated.
#  Needs to be updated (-q is set).
# variable set hash-table stats:
# Load=0/32=0%, Rehash=0, Collisions=0/9=0%
#  recipe to execute (from 'Makefile', line 13):
	$(CC) $(OBJECTS) -o $(OUTPUT) $(LIBARIES)
	find . -name "*.o" | xargs -r rm 

# 'override' directive
src/graphicsEngine.o: .SHELLSTATUS := 0
src/graphicsEngine.o: src/graphicsEngine.cpp
#  Implicit rule search has been done.
#  Implicit/static pattern stem: 'src/graphicsEngine'
#  File does not exist.
#  File has been updated.
#  Needs to be updated (-q is set).
# automatic
# @ := src/graphicsEngine.o
# automatic
# * := src/graphicsEngine
# automatic
# < := src/graphicsEngine.cpp
# automatic
# + := src/graphicsEngine.cpp
# automatic
# % := 
# automatic
# ^ := src/graphicsEngine.cpp
# automatic
# ? := src/graphicsEngine.cpp
# automatic
# | := 
# variable set hash-table stats:
# Load=9/32=28%, Rehash=0, Collisions=6/20=30%
#  recipe to execute (from 'Makefile', line 17):
	$(CC) $(CC_INCLUDE) -c $< -o $@ $(CC_FLAGS)

# files hash-table stats:
# Load=8/1024=1%, Rehash=0, Collisions=0/24=0%
# VPATH Search Paths

# No 'vpath' search paths.

# No general ('VPATH' variable) search path.

# strcache buffers: 1 (0) / strings = 26 / storage = 283 B / avg = 10 B
# current buf: size = 8162 B / used = 283 B / count = 26 / avg = 10 B

# strcache performance: lookups = 37 / hit rate = 29%
# hash-table stats:
# Load=26/8192=0%, Rehash=0, Collisions=0/37=0%
# Finished Make data base on Fri May 13 18:11:07 2022

 
